app/build/intermediates/manifest_merge_blame_file/debug/manifest-merger-blame-debug-report.txt
1<?xml version="1.0" encoding="utf-8"?>
2<manifest xmlns:android="http://schemas.android.com/apk/res/android"
3    package="com.wsl.wsl_service"
4    android:versionCode="1"
5    android:versionName="1.0" >
6
7    <uses-sdk
8        android:minSdkVersion="19"
8-->src/main/AndroidManifest.xml
9        android:targetSdkVersion="30" />
9-->src/main/AndroidManifest.xml
10
11    <uses-permission android:name="android.permission.INTERNET" />
11-->src/main/AndroidManifest.xml:6:5-66
11-->src/main/AndroidManifest.xml:6:22-64
12    <uses-permission android:name="android.permission.ACCESS_NETWORK_STATE" />
12-->[:login] AndroidManifest.xml:11:5-79
12-->[:login] AndroidManifest.xml:11:22-76
13    <uses-permission android:name="android.permission.SYSTEM_ALERT_WINDOW" />
13-->[:login] AndroidManifest.xml:12:5-78
13-->[:login] AndroidManifest.xml:12:22-75
14    <uses-permission android:name="android.permission.WRITE_EXTERNAL_STORAGE" />
15    <uses-permission android:name="android.permission.READ_PHONE_STATE" />
16    <uses-permission android:name="android.permission.READ_EXTERNAL_STORAGE" />
17    <uses-permission android:name="com.google.android.finsky.permission.BIND_GET_INSTALL_REFERRER_SERVICE" />
17-->[com.android.installreferrer:installreferrer:1.0] AndroidManifest.xml:9:5-110
17-->[com.android.installreferrer:installreferrer:1.0] AndroidManifest.xml:9:22-107
18
19    <application
19-->src/main/AndroidManifest.xml:8:5-45:19
20        android:name="com.wsl.login.dagger.WSHiltApplication"
20-->[:login] AndroidManifest.xml:15:9-62
21        android:allowBackup="true"
21-->src/main/AndroidManifest.xml:9:9-35
22        android:appComponentFactory="androidx.core.app.CoreComponentFactory"
22-->[androidx.core:core:1.3.2] AndroidManifest.xml:24:18-86
23        android:debuggable="true"
24        android:icon="@mipmap/ic_logo"
24-->src/main/AndroidManifest.xml:10:9-39
25        android:label="@string/app_name"
25-->src/main/AndroidManifest.xml:11:9-41
26        android:networkSecurityConfig="@xml/network_security_config"
26-->[:login] AndroidManifest.xml:16:9-69
27        android:roundIcon="@mipmap/ic_logo_round"
27-->src/main/AndroidManifest.xml:12:9-50
28        android:supportsRtl="true"
28-->src/main/AndroidManifest.xml:13:9-35
29        android:theme="@style/AppTheme" >
29-->src/main/AndroidManifest.xml:14:9-40
30
31        <!-- FACEBOOK -->
32        <meta-data
32-->src/main/AndroidManifest.xml:18:9-107
33            android:name="com.facebook.sdk.ApplicationId"
33-->src/main/AndroidManifest.xml:18:20-65
34            android:value="@string/facebook_app_id" />
34-->src/main/AndroidManifest.xml:18:66-105
35        <meta-data
35-->src/main/AndroidManifest.xml:18:9-107
36            android:name="com.facebook.sdk.ApplicationId"
36-->src/main/AndroidManifest.xml:18:20-65
37            android:value="@string/facebook_app_id" />
37-->src/main/AndroidManifest.xml:18:66-105
38
39        <activity
39-->src/main/AndroidManifest.xml:23:9-26:48
40            android:name="com.facebook.FacebookActivity"
40-->src/main/AndroidManifest.xml:23:19-63
41            android:configChanges="keyboard|keyboardHidden|screenLayout|screenSize|orientation"
41-->src/main/AndroidManifest.xml:24:13-113
42            android:label="@string/app_name"
42-->src/main/AndroidManifest.xml:26:13-45
43            android:theme="@style/com_facebook_activity_theme" />
43-->[com.facebook.android:facebook-common:12.1.0] AndroidManifest.xml:33:13-63
44        <activity
44-->src/main/AndroidManifest.xml:27:9-36:20
45            android:name="com.facebook.CustomTabActivity"
45-->src/main/AndroidManifest.xml:28:13-58
46            android:exported="true" >
46-->src/main/AndroidManifest.xml:29:13-36
47            <intent-filter>
47-->src/main/AndroidManifest.xml:30:13-35:29
48                <action android:name="android.intent.action.VIEW" />
48-->src/main/AndroidManifest.xml:31:17-69
48-->src/main/AndroidManifest.xml:31:25-66
49
50                <category android:name="android.intent.category.DEFAULT" />
50-->src/main/AndroidManifest.xml:32:17-76
50-->src/main/AndroidManifest.xml:32:27-73
51                <category android:name="android.intent.category.BROWSABLE" />
51-->src/main/AndroidManifest.xml:33:17-78
51-->src/main/AndroidManifest.xml:33:27-75
52
53                <data android:scheme="@string/fb_login_protocol_scheme" />
53-->src/main/AndroidManifest.xml:34:17-75
53-->src/main/AndroidManifest.xml:34:23-72
54            </intent-filter>
55            <intent-filter>
55-->[com.facebook.android:facebook-common:12.1.0] AndroidManifest.xml:39:13-48:29
56                <action android:name="android.intent.action.VIEW" />
56-->src/main/AndroidManifest.xml:31:17-69
56-->src/main/AndroidManifest.xml:31:25-66
57
58                <category android:name="android.intent.category.DEFAULT" />
58-->src/main/AndroidManifest.xml:32:17-76
58-->src/main/AndroidManifest.xml:32:27-73
59                <category android:name="android.intent.category.BROWSABLE" />
59-->src/main/AndroidManifest.xml:33:17-78
59-->src/main/AndroidManifest.xml:33:27-75
60
61                <data
61-->src/main/AndroidManifest.xml:34:17-75
62                    android:host="cct.com.wsl.wsl_service"
63                    android:scheme="fbconnect" />
63-->src/main/AndroidManifest.xml:34:23-72
64            </intent-filter>
65        </activity>
66        <activity android:name="com.wsl.wsl_service.MainActivity" >
66-->src/main/AndroidManifest.xml:38:9-43:20
66-->src/main/AndroidManifest.xml:38:19-47
67            <intent-filter>
67-->src/main/AndroidManifest.xml:39:13-42:29
68                <action android:name="android.intent.action.MAIN" />
68-->src/main/AndroidManifest.xml:40:17-69
68-->src/main/AndroidManifest.xml:40:25-66
69
70                <category android:name="android.intent.category.LAUNCHER" />
70-->src/main/AndroidManifest.xml:41:17-77
70-->src/main/AndroidManifest.xml:41:27-74
71            </intent-filter>
72        </activity>
73        <activity android:name="com.wsl.login.profile.ProfileActivity" />
73-->[:login] AndroidManifest.xml:18:9-74
73-->[:login] AndroidManifest.xml:18:19-71
74        <activity android:name="com.wsl.login.payments.Payments" />
74-->[:login] AndroidManifest.xml:19:9-68
74-->[:login] AndroidManifest.xml:19:19-65
75        <activity android:name="com.wsl.login.login.WSLoginActivity" >
75-->[:login] AndroidManifest.xml:20:9-26:20
75-->[:login] AndroidManifest.xml:20:19-69
76            <intent-filter>
76-->src/main/AndroidManifest.xml:39:13-42:29
77                <action android:name="android.intent.action.MAIN" />
77-->src/main/AndroidManifest.xml:40:17-69
77-->src/main/AndroidManifest.xml:40:25-66
78
79                <category android:name="android.intent.category.LAUNCHER" />
79-->src/main/AndroidManifest.xml:41:17-77
79-->src/main/AndroidManifest.xml:41:27-74
80            </intent-filter>
81        </activity>
82        <activity android:name="com.facebook.CustomTabMainActivity" />
82-->[com.facebook.android:facebook-common:12.1.0] AndroidManifest.xml:34:9-71
82-->[com.facebook.android:facebook-common:12.1.0] AndroidManifest.xml:34:19-68
83        <!--
84         The initialization ContentProvider will call FacebookSdk.sdkInitialize automatically
85         with the application context. This config is merged in with the host app's manifest,
86         but there can only be one provider with the same authority activated at any given
87         point; so if the end user has two or more different apps that use Facebook SDK, only the
88         first one will be able to use the provider. To work around this problem, we use the
89         following placeholder in the authority to identify each host application as if it was
90         a completely different provider.
91        -->
92        <provider
92-->[com.facebook.android:facebook-core:12.1.0] AndroidManifest.xml:39:9-42:40
93            android:name="com.facebook.internal.FacebookInitProvider"
93-->[com.facebook.android:facebook-core:12.1.0] AndroidManifest.xml:40:13-70
94            android:authorities="com.wsl.wsl_service.FacebookInitProvider"
94-->[com.facebook.android:facebook-core:12.1.0] AndroidManifest.xml:41:13-72
95            android:exported="false" />
95-->[com.facebook.android:facebook-core:12.1.0] AndroidManifest.xml:42:13-37
96
97        <receiver
97-->[com.facebook.android:facebook-core:12.1.0] AndroidManifest.xml:44:9-50:20
98            android:name="com.facebook.CurrentAccessTokenExpirationBroadcastReceiver"
98-->[com.facebook.android:facebook-core:12.1.0] AndroidManifest.xml:45:13-86
99            android:exported="false" >
99-->[com.facebook.android:facebook-core:12.1.0] AndroidManifest.xml:46:13-37
100            <intent-filter>
100-->[com.facebook.android:facebook-core:12.1.0] AndroidManifest.xml:47:13-49:29
101                <action android:name="com.facebook.sdk.ACTION_CURRENT_ACCESS_TOKEN_CHANGED" />
101-->[com.facebook.android:facebook-core:12.1.0] AndroidManifest.xml:48:17-95
101-->[com.facebook.android:facebook-core:12.1.0] AndroidManifest.xml:48:25-92
102            </intent-filter>
103        </receiver>
104        <receiver
104-->[com.facebook.android:facebook-core:12.1.0] AndroidManifest.xml:51:9-57:20
105            android:name="com.facebook.AuthenticationTokenManager$CurrentAuthenticationTokenChangedBroadcastReceiver"
105-->[com.facebook.android:facebook-core:12.1.0] AndroidManifest.xml:52:13-118
106            android:exported="false" >
106-->[com.facebook.android:facebook-core:12.1.0] AndroidManifest.xml:53:13-37
107            <intent-filter>
107-->[com.facebook.android:facebook-core:12.1.0] AndroidManifest.xml:54:13-56:29
108                <action android:name="com.facebook.sdk.ACTION_CURRENT_AUTHENTICATION_TOKEN_CHANGED" />
108-->[com.facebook.android:facebook-core:12.1.0] AndroidManifest.xml:55:17-103
108-->[com.facebook.android:facebook-core:12.1.0] AndroidManifest.xml:55:25-100
109            </intent-filter>
110        </receiver>
111
112        <activity
112-->[com.google.firebase:firebase-auth:19.4.0] AndroidManifest.xml:24:9-31:50
113            android:name="com.google.firebase.auth.internal.FederatedSignInActivity"
113-->[com.google.firebase:firebase-auth:19.4.0] AndroidManifest.xml:25:13-85
114            android:excludeFromRecents="true"
114-->[com.google.firebase:firebase-auth:19.4.0] AndroidManifest.xml:26:13-46
115            android:exported="true"
115-->[com.google.firebase:firebase-auth:19.4.0] AndroidManifest.xml:27:13-36
116            android:launchMode="singleTask"
116-->[com.google.firebase:firebase-auth:19.4.0] AndroidManifest.xml:28:13-44
117            android:permission="com.google.firebase.auth.api.gms.permission.LAUNCH_FEDERATED_SIGN_IN"
117-->[com.google.firebase:firebase-auth:19.4.0] AndroidManifest.xml:29:13-102
118            android:theme="@android:style/Theme.Translucent.NoTitleBar" />
118-->[com.google.firebase:firebase-auth:19.4.0] AndroidManifest.xml:30:13-72
119
120        <service
120-->[com.google.firebase:firebase-auth:19.4.0] AndroidManifest.xml:33:9-39:19
121            android:name="com.google.firebase.components.ComponentDiscoveryService"
121-->[com.google.firebase:firebase-auth:19.4.0] AndroidManifest.xml:34:13-84
122            android:directBootAware="true"
122-->[com.google.firebase:firebase-common:19.3.0] AndroidManifest.xml:34:13-43
123            android:exported="false" >
123-->[com.google.firebase:firebase-auth:19.4.0] AndroidManifest.xml:35:13-37
124            <meta-data
124-->[com.google.firebase:firebase-auth:19.4.0] AndroidManifest.xml:36:13-38:85
125                android:name="com.google.firebase.components:com.google.firebase.auth.FirebaseAuthRegistrar"
125-->[com.google.firebase:firebase-auth:19.4.0] AndroidManifest.xml:37:17-109
126                android:value="com.google.firebase.components.ComponentRegistrar" />
126-->[com.google.firebase:firebase-auth:19.4.0] AndroidManifest.xml:38:17-82
127        </service>
128
129        <activity
129-->[com.google.android.gms:play-services-auth:18.1.0] AndroidManifest.xml:23:9-27:75
130            android:name="com.google.android.gms.auth.api.signin.internal.SignInHubActivity"
130-->[com.google.android.gms:play-services-auth:18.1.0] AndroidManifest.xml:24:13-93
131            android:excludeFromRecents="true"
131-->[com.google.android.gms:play-services-auth:18.1.0] AndroidManifest.xml:25:13-46
132            android:exported="false"
132-->[com.google.android.gms:play-services-auth:18.1.0] AndroidManifest.xml:26:13-37
133            android:theme="@android:style/Theme.Translucent.NoTitleBar" />
133-->[com.google.android.gms:play-services-auth:18.1.0] AndroidManifest.xml:27:13-72
134        <!--
135            Service handling Google Sign-In user revocation. For apps that do not integrate with
136            Google Sign-In, this service will never be started.
137        -->
138        <service
138-->[com.google.android.gms:play-services-auth:18.1.0] AndroidManifest.xml:33:9-37:51
139            android:name="com.google.android.gms.auth.api.signin.RevocationBoundService"
139-->[com.google.android.gms:play-services-auth:18.1.0] AndroidManifest.xml:34:13-89
140            android:exported="true"
140-->[com.google.android.gms:play-services-auth:18.1.0] AndroidManifest.xml:35:13-36
141            android:permission="com.google.android.gms.auth.api.signin.permission.REVOCATION_NOTIFICATION"
141-->[com.google.android.gms:play-services-auth:18.1.0] AndroidManifest.xml:36:13-107
142            android:visibleToInstantApps="true" />
142-->[com.google.android.gms:play-services-auth:18.1.0] AndroidManifest.xml:37:13-48
143
144        <activity
144-->[com.google.android.gms:play-services-base:17.1.0] AndroidManifest.xml:23:9-26:75
145            android:name="com.google.android.gms.common.api.GoogleApiActivity"
145-->[com.google.android.gms:play-services-base:17.1.0] AndroidManifest.xml:24:13-79
146            android:exported="false"
146-->[com.google.android.gms:play-services-base:17.1.0] AndroidManifest.xml:25:13-37
147            android:theme="@android:style/Theme.Translucent.NoTitleBar" />
147-->[com.google.android.gms:play-services-base:17.1.0] AndroidManifest.xml:26:13-72
148
149        <provider
149-->[com.google.firebase:firebase-common:19.3.0] AndroidManifest.xml:26:9-30:39
150            android:name="com.google.firebase.provider.FirebaseInitProvider"
150-->[com.google.firebase:firebase-common:19.3.0] AndroidManifest.xml:27:13-77
151            android:authorities="com.wsl.wsl_service.firebaseinitprovider"
151-->[com.google.firebase:firebase-common:19.3.0] AndroidManifest.xml:28:13-72
152            android:exported="false"
152-->[com.google.firebase:firebase-common:19.3.0] AndroidManifest.xml:29:13-37
153            android:initOrder="100" />
153-->[com.google.firebase:firebase-common:19.3.0] AndroidManifest.xml:30:13-36
154
155        <meta-data
155-->[com.google.android.gms:play-services-basement:17.1.1] AndroidManifest.xml:23:9-25:69
156            android:name="com.google.android.gms.version"
156-->[com.google.android.gms:play-services-basement:17.1.1] AndroidManifest.xml:24:13-58
157            android:value="@integer/google_play_services_version" />
157-->[com.google.android.gms:play-services-basement:17.1.1] AndroidManifest.xml:25:13-66
158
159        <provider
159-->[androidx.lifecycle:lifecycle-process:2.2.0] AndroidManifest.xml:25:9-29:43
160            android:name="androidx.lifecycle.ProcessLifecycleOwnerInitializer"
160-->[androidx.lifecycle:lifecycle-process:2.2.0] AndroidManifest.xml:26:13-79
161            android:authorities="com.wsl.wsl_service.lifecycle-process"
161-->[androidx.lifecycle:lifecycle-process:2.2.0] AndroidManifest.xml:27:13-69
162            android:exported="false"
162-->[androidx.lifecycle:lifecycle-process:2.2.0] AndroidManifest.xml:28:13-37
163            android:multiprocess="true" />
163-->[androidx.lifecycle:lifecycle-process:2.2.0] AndroidManifest.xml:29:13-40
164
165        <service
165-->[androidx.room:room-runtime:2.2.5] AndroidManifest.xml:25:9-28:40
166            android:name="androidx.room.MultiInstanceInvalidationService"
166-->[androidx.room:room-runtime:2.2.5] AndroidManifest.xml:26:13-74
167            android:directBootAware="true"
167-->[androidx.room:room-runtime:2.2.5] AndroidManifest.xml:27:13-43
168            android:exported="false" />
168-->[androidx.room:room-runtime:2.2.5] AndroidManifest.xml:28:13-37
169    </application>
170
171</manifest>